Initial Residual = 0
Mini-Application Name: hpccg
Mini-Application Version: 1.0
Parallelism: 
  MPI not enabled: 
  OpenMP not enabled: 
Dimensions: 
  nx: 128
  ny: 128
  nz: 128
Number of iterations: 0
Final residual: 0
#********** Performance Summary (times in sec) ***********: 
Time Summary: 
  Total   : 0.001123
  DDOT    : 1e-06
  WAXPBY  : 4e-06
  SPARSEMV: 0
FLOPS Summary: 
  Total   : 0
  DDOT    : 0
  WAXPBY  : 0
  SPARSEMV: 0
MFLOPS Summary: 
  Total   : 0
  DDOT    : 0
  WAXPBY  : 0
  SPARSEMV: -nan
Collecting data...
Generating '/scratch/local/31038651/nsys-report-f5d5.qdstrm'
[1/1] [0%                          ] hpccg_profile.nsys-rep[1/1] [0%                          ] hpccg_profile.nsys-rep[1/1] [6%                          ] hpccg_profile.nsys-rep[1/1] [7%                          ] hpccg_profile.nsys-rep[1/1] [===========50%              ] hpccg_profile.nsys-rep[1/1] [=======================93%  ] hpccg_profile.nsys-rep[1/1] [=======================94%  ] hpccg_profile.nsys-rep[1/1] [=======================96%  ] hpccg_profile.nsys-rep[1/1] [========================98% ] hpccg_profile.nsys-rep[1/1] [========================99% ] hpccg_profile.nsys-rep[1/1] [========================100%] hpccg_profile.nsys-rep[1/1] [========================100%] hpccg_profile.nsys-rep
Generated:
	/home/bohanzhang1/hpccg-gpu/gpu/hpccg_profile.nsys-rep

==ERROR== An error was reported by the driver:
==ERROR== For more information, see /scratch/local/31038651/nsight-compute-41e9-b129.log
==ERROR== Cuda driver is not compatible with Nsight Compute.
==ERROR== For more information, see /scratch/local/31038651/nsight-compute-41e9-b129.log
==PROF== Connected to process 2277844 (/home/bohanzhang1/hpccg-gpu/gpu/test_HPCCG_cuda)
Initial Residual = 0
==PROF== Disconnected from process 2277844
Mini-Application Name: hpccg
Mini-Application Version: 1.0
Parallelism: 
  MPI not enabled: 
  OpenMP not enabled: 
Dimensions: 
  nx: 128
  ny: 128
  nz: 128
Number of iterations: 0
Final residual: 0
#********** Performance Summary (times in sec) ***********: 
Time Summary: 
  Total   : 0.003281
  DDOT    : 1e-06
  WAXPBY  : 3e-06
  SPARSEMV: 0
FLOPS Summary: 
  Total   : 0
  DDOT    : 0
  WAXPBY  : 0
  SPARSEMV: 0
MFLOPS Summary: 
  Total   : 0
  DDOT    : 0
  WAXPBY  : 0
  SPARSEMV: -nan
==WARNING== No kernels were profiled.
