Sun Apr 26 12:33:07 2026       
+-----------------------------------------------------------------------------------------+
| NVIDIA-SMI 570.195.03             Driver Version: 570.195.03     CUDA Version: 12.8     |
|-----------------------------------------+------------------------+----------------------+
| GPU  Name                 Persistence-M | Bus-Id          Disp.A | Volatile Uncorr. ECC |
| Fan  Temp   Perf          Pwr:Usage/Cap |           Memory-Usage | GPU-Util  Compute M. |
|                                         |                        |               MIG M. |
|=========================================+========================+======================|
|   0  NVIDIA L4                      On  |   00000000:81:00.0 Off |                    0 |
| N/A   20C    P8             15W /   70W |       0MiB /  23034MiB |      0%      Default |
|                                         |                        |                  N/A |
+-----------------------------------------+------------------------+----------------------+
                                                                                         
+-----------------------------------------------------------------------------------------+
| Processes:                                                                              |
|  GPU   GI   CI              PID   Type   Process name                        GPU Memory |
|        ID   ID                                                               Usage      |
|=========================================================================================|
|  No running processes found                                                             |
+-----------------------------------------------------------------------------------------+
Initial Residual = 0
Mini-Application Name: hpccg
Mini-Application Version: 1.0
Parallelism: 
  MPI not enabled: 
  OpenMP not enabled: 
Dimensions: 
  nx: 64
  ny: 64
  nz: 64
Number of iterations: 0
Final residual: 0
#********** Performance Summary (times in sec) ***********: 
Time Summary: 
  Total   : 0.00118
  DDOT    : 0
  WAXPBY  : 5e-06
  SPARSEMV: 1e-06
FLOPS Summary: 
  Total   : 0
  DDOT    : 0
  WAXPBY  : 0
  SPARSEMV: 0
MFLOPS Summary: 
  Total   : 0
  DDOT    : -nan
  WAXPBY  : 0
  SPARSEMV: 0
Initial Residual = 0
Mini-Application Name: hpccg
Mini-Application Version: 1.0
Parallelism: 
  MPI not enabled: 
  OpenMP not enabled: 
Dimensions: 
  nx: 128
  ny: 128
  nz: 128
Number of iterations: 0
Final residual: 0
#********** Performance Summary (times in sec) ***********: 
Time Summary: 
  Total   : 0.002151
  DDOT    : 0
  WAXPBY  : 4e-06
  SPARSEMV: 0
FLOPS Summary: 
  Total   : 0
  DDOT    : 0
  WAXPBY  : 0
  SPARSEMV: 0
MFLOPS Summary: 
  Total   : 0
  DDOT    : -nan
  WAXPBY  : 0
  SPARSEMV: -nan
