
The following have been reloaded with a version change:
  1) cuda/13.2.1 => cuda/12.4.1     2) gcc/14.2.0 => gcc/12.2.0

Initial Residual = 3451.99
Iteration = 15   Residual = 46.9279
Iteration = 30   Residual = 0.311717
Iteration = 45   Residual = 0.00203715
Iteration = 60   Residual = 1.22209e-05
Iteration = 75   Residual = 4.48121e-08
Iteration = 90   Residual = 2.43156e-10
Iteration = 105   Residual = 1.22227e-12
Iteration = 120   Residual = 4.4445e-15
Iteration = 135   Residual = 1.90203e-17
Iteration = 149   Residual = 1.03555e-19
Mini-Application Name: hpccg
Mini-Application Version: 1.0
Parallelism: 
  MPI not enabled: 
  OpenMP not enabled: 
Dimensions: 
  nx: 128
  ny: 128
  nz: 128
Number of iterations: 149
Final residual: 1.03555e-19
#********** Performance Summary (times in sec) ***********: 
Time Summary: 
  Total   : 0.891309
  DDOT    : 0.042887
  WAXPBY  : 0.043449
  SPARSEMV: 0.746087
FLOPS Summary: 
  Total   : 1.99984e+10
  DDOT    : 1.2499e+09
  WAXPBY  : 1.87485e+09
  SPARSEMV: 1.68737e+10
MFLOPS Summary: 
  Total   : 22437.2
  DDOT    : 29144.1
  WAXPBY  : 43150.7
  SPARSEMV: 22616.2
Failed to create '/home/bohanzhang1/hpccg-gpu/gpu/hpccg_profile.nsys-rep': File exists.
Use `--force-overwrite true` to overwrite existing files.
Generating '/scratch/local/31038990/nsys-report-1db4.qdstrm'
[1/1] [0%                          ] nsys-report-62a3.nsys-rep[1/1] [0%                          ] nsys-report-62a3.nsys-rep[1/1] [5%                          ] nsys-report-62a3.nsys-rep[1/1] [6%                          ] nsys-report-62a3.nsys-rep[1/1] [7%                          ] nsys-report-62a3.nsys-rep[1/1] [==21%                       ] nsys-report-62a3.nsys-rep[1/1] [======35%                   ] nsys-report-62a3.nsys-rep[1/1] [=======36%                  ] nsys-report-62a3.nsys-rep[1/1] [=======37%                  ] nsys-report-62a3.nsys-rep[1/1] [========41%                 ] nsys-report-62a3.nsys-rep[1/1] [======================90%   ] nsys-report-62a3.nsys-rep[1/1] [========================100%] nsys-report-62a3.nsys-rep[1/1] [========================100%] nsys-report-62a3.nsys-rep
Generated:
    /scratch/local/31038990/nsys-report-62a3.nsys-rep
==PROF== Connected to process 1241275 (/home/bohanzhang1/hpccg-gpu/gpu/test_HPCCG_cuda)
Initial Residual = 3451.99
==PROF== Profiling "spmv_kernel": 0%....50%....100% - 8 passes
==PROF== Profiling "spmv_kernel": 0%....50%....100% - 8 passes
==PROF== Profiling "spmv_kernel": 0%....50%....100% - 8 passes
Iteration = 15   Residual = 46.9279
Iteration = 30   Residual = 0.311717
Iteration = 45   Residual = 0.00203715
Iteration = 60   Residual = 1.22209e-05
Iteration = 75   Residual = 4.48121e-08
Iteration = 90   Residual = 2.43156e-10
Iteration = 105   Residual = 1.22227e-12
Iteration = 120   Residual = 4.4445e-15
Iteration = 135   Residual = 1.90203e-17
Iteration = 149   Residual = 1.03555e-19
Mini-Application Name: hpccg
Mini-Application Version: 1.0
Parallelism: 
  MPI not enabled: 
  OpenMP not enabled: 
Dimensions: 
  nx: 128
  ny: 128
  nz: 128
Number of iterations: 149
Final residual: 1.03555e-19
#********** Performance Summary (times in sec) ***********: 
Time Summary: 
  Total   : 1.13008
  DDOT    : 0.047153
  WAXPBY  : 0.044835
  SPARSEMV: 0.98403
FLOPS Summary: 
  Total   : 1.99984e+10
  DDOT    : 1.2499e+09
  WAXPBY  : 1.87485e+09
  SPARSEMV: 1.68737e+10
MFLOPS Summary: 
  Total   : 17696.5
  DDOT    : 26507.4
  WAXPBY  : 41816.7
  SPARSEMV: 17147.5
==PROF== Disconnected from process 1241275
[1241275] test_HPCCG_cuda@127.0.0.1
  spmv_kernel(int, const int *, const int *, const double *, const double *, double *) (8192, 1, 1)x(256, 1, 1), Context 1, Stream 7, Device 0, CC 8.9
    Section: GPU Speed Of Light Throughput
    ----------------------- ----------- ------------
    Metric Name             Metric Unit Metric Value
    ----------------------- ----------- ------------
    DRAM Frequency                  Ghz         6.24
    SM Frequency                    Mhz       794.99
    Elapsed Cycles                cycle    4,676,735
    Memory Throughput                 %        72.47
    DRAM Throughput                   %        72.47
    Duration                         ms         5.88
    L1/TEX Cache Throughput           %        25.64
    L2 Cache Throughput               %        44.54
    SM Active Cycles              cycle 4,639,729.98
    Compute (SM) Throughput           %        10.52
    ----------------------- ----------- ------------

    OPT   Memory is more heavily utilized than Compute: Look at the Memory Workload Analysis section to identify the    
          DRAM bottleneck. Check memory replay (coalescing) metrics to make sure you're efficiently utilizing the       
          bytes transferred. Also consider whether it is possible to do more work per memory access (kernel fusion) or  
          whether there are values you can (re)compute.                                                                 

    Section: Launch Statistics
    -------------------------------- --------------- ---------------
    Metric Name                          Metric Unit    Metric Value
    -------------------------------- --------------- ---------------
    Block Size                                                   256
    Function Cache Configuration                     CachePreferNone
    Grid Size                                                  8,192
    Registers Per Thread             register/thread              40
    Shared Memory Configuration Size           Kbyte           16.38
    Driver Shared Memory Per Block       Kbyte/block            1.02
    Dynamic Shared Memory Per Block       byte/block               0
    Static Shared Memory Per Block        byte/block               0
    # SMs                                         SM              58
    Stack Size                                                 1,024
    Threads                                   thread       2,097,152
    # TPCs                                                        29
    Enabled TPC IDs                                              all
    Uses Green Context                                             0
    Waves Per SM                                               23.54
    -------------------------------- --------------- ---------------

    Section: Occupancy
    ------------------------------- ----------- ------------
    Metric Name                     Metric Unit Metric Value
    ------------------------------- ----------- ------------
    Block Limit SM                        block           24
    Block Limit Registers                 block            6
    Block Limit Shared Mem                block           16
    Block Limit Warps                     block            6
    Theoretical Active Warps per SM        warp           48
    Theoretical Occupancy                     %          100
    Achieved Occupancy                        %        92.80
    Achieved Active Warps Per SM           warp        44.54
    ------------------------------- ----------- ------------

    Section: GPU and Memory Workload Distribution
    -------------------------- ----------- -------------
    Metric Name                Metric Unit  Metric Value
    -------------------------- ----------- -------------
    Average DRAM Active Cycles       cycle 26,623,962.67
    Total DRAM Elapsed Cycles        cycle   220,416,000
    Average L1 Active Cycles         cycle  4,639,729.98
    Total L1 Elapsed Cycles          cycle   268,186,194
    Average L2 Active Cycles         cycle  4,836,803.38
    Total L2 Elapsed Cycles          cycle   118,175,424
    Average SM Active Cycles         cycle  4,639,729.98
    Total SM Elapsed Cycles          cycle   268,186,194
    Average SMSP Active Cycles       cycle  4,590,662.30
    Total SMSP Elapsed Cycles        cycle 1,072,744,776
    -------------------------- ----------- -------------

  spmv_kernel(int, const int *, const int *, const double *, const double *, double *) (8192, 1, 1)x(256, 1, 1), Context 1, Stream 7, Device 0, CC 8.9
    Section: GPU Speed Of Light Throughput
    ----------------------- ----------- ------------
    Metric Name             Metric Unit Metric Value
    ----------------------- ----------- ------------
    DRAM Frequency                  Ghz         6.24
    SM Frequency                    Mhz       794.99
    Elapsed Cycles                cycle    4,724,354
    Memory Throughput                 %        71.71
    DRAM Throughput                   %        71.71
    Duration                         ms         5.94
    L1/TEX Cache Throughput           %        26.04
    L2 Cache Throughput               %        44.77
    SM Active Cycles              cycle 4,719,245.79
    Compute (SM) Throughput           %        10.64
    ----------------------- ----------- ------------

    OPT   Memory is more heavily utilized than Compute: Look at the Memory Workload Analysis section to identify the    
          DRAM bottleneck. Check memory replay (coalescing) metrics to make sure you're efficiently utilizing the       
          bytes transferred. Also consider whether it is possible to do more work per memory access (kernel fusion) or  
          whether there are values you can (re)compute.                                                                 

    Section: Launch Statistics
    -------------------------------- --------------- ---------------
    Metric Name                          Metric Unit    Metric Value
    -------------------------------- --------------- ---------------
    Block Size                                                   256
    Function Cache Configuration                     CachePreferNone
    Grid Size                                                  8,192
    Registers Per Thread             register/thread              40
    Shared Memory Configuration Size           Kbyte           16.38
    Driver Shared Memory Per Block       Kbyte/block            1.02
    Dynamic Shared Memory Per Block       byte/block               0
    Static Shared Memory Per Block        byte/block               0
    # SMs                                         SM              58
    Stack Size                                                 1,024
    Threads                                   thread       2,097,152
    # TPCs                                                        29
    Enabled TPC IDs                                              all
    Uses Green Context                                             0
    Waves Per SM                                               23.54
    -------------------------------- --------------- ---------------

    Section: Occupancy
    ------------------------------- ----------- ------------
    Metric Name                     Metric Unit Metric Value
    ------------------------------- ----------- ------------
    Block Limit SM                        block           24
    Block Limit Registers                 block            6
    Block Limit Shared Mem                block           16
    Block Limit Warps                     block            6
    Theoretical Active Warps per SM        warp           48
    Theoretical Occupancy                     %          100
    Achieved Occupancy                        %        92.17
    Achieved Active Warps Per SM           warp        44.24
    ------------------------------- ----------- ------------

    Section: GPU and Memory Workload Distribution
    -------------------------- ----------- -------------
    Metric Name                Metric Unit  Metric Value
    -------------------------- ----------- -------------
    Average DRAM Active Cycles       cycle 26,613,346.67
    Total DRAM Elapsed Cycles        cycle   222,659,584
    Average L1 Active Cycles         cycle  4,719,245.79
    Total L1 Elapsed Cycles          cycle   265,087,566
    Average L2 Active Cycles         cycle  4,902,068.04
    Total L2 Elapsed Cycles          cycle   117,667,224
    Average SM Active Cycles         cycle  4,719,245.79
    Total SM Elapsed Cycles          cycle   265,087,566
    Average SMSP Active Cycles       cycle  4,666,711.26
    Total SMSP Elapsed Cycles        cycle 1,060,350,264
    -------------------------- ----------- -------------

  spmv_kernel(int, const int *, const int *, const double *, const double *, double *) (8192, 1, 1)x(256, 1, 1), Context 1, Stream 7, Device 0, CC 8.9
    Section: GPU Speed Of Light Throughput
    ----------------------- ----------- ------------
    Metric Name             Metric Unit Metric Value
    ----------------------- ----------- ------------
    DRAM Frequency                  Ghz         6.24
    SM Frequency                    Mhz       794.99
    Elapsed Cycles                cycle    4,567,823
    Memory Throughput                 %        74.16
    DRAM Throughput                   %        74.16
    Duration                         ms         5.75
    L1/TEX Cache Throughput           %        26.13
    L2 Cache Throughput               %        44.61
    SM Active Cycles              cycle 4,521,819.53
    Compute (SM) Throughput           %        10.60
    ----------------------- ----------- ------------

    OPT   Memory is more heavily utilized than Compute: Look at the Memory Workload Analysis section to identify the    
          DRAM bottleneck. Check memory replay (coalescing) metrics to make sure you're efficiently utilizing the       
          bytes transferred. Also consider whether it is possible to do more work per memory access (kernel fusion) or  
          whether there are values you can (re)compute.                                                                 

    Section: Launch Statistics
    -------------------------------- --------------- ---------------
    Metric Name                          Metric Unit    Metric Value
    -------------------------------- --------------- ---------------
    Block Size                                                   256
    Function Cache Configuration                     CachePreferNone
    Grid Size                                                  8,192
    Registers Per Thread             register/thread              40
    Shared Memory Configuration Size           Kbyte           16.38
    Driver Shared Memory Per Block       Kbyte/block            1.02
    Dynamic Shared Memory Per Block       byte/block               0
    Static Shared Memory Per Block        byte/block               0
    # SMs                                         SM              58
    Stack Size                                                 1,024
    Threads                                   thread       2,097,152
    # TPCs                                                        29
    Enabled TPC IDs                                              all
    Uses Green Context                                             0
    Waves Per SM                                               23.54
    -------------------------------- --------------- ---------------

    Section: Occupancy
    ------------------------------- ----------- ------------
    Metric Name                     Metric Unit Metric Value
    ------------------------------- ----------- ------------
    Block Limit SM                        block           24
    Block Limit Registers                 block            6
    Block Limit Shared Mem                block           16
    Block Limit Warps                     block            6
    Theoretical Active Warps per SM        warp           48
    Theoretical Occupancy                     %          100
    Achieved Occupancy                        %        92.87
    Achieved Active Warps Per SM           warp        44.58
    ------------------------------- ----------- ------------

    Section: GPU and Memory Workload Distribution
    -------------------------- ----------- -------------
    Metric Name                Metric Unit  Metric Value
    -------------------------- ----------- -------------
    Average DRAM Active Cycles       cycle 26,607,874.67
    Total DRAM Elapsed Cycles        cycle   215,280,640
    Average L1 Active Cycles         cycle  4,521,819.53
    Total L1 Elapsed Cycles          cycle   266,117,058
    Average L2 Active Cycles         cycle  4,919,074.04
    Total L2 Elapsed Cycles          cycle   117,698,232
    Average SM Active Cycles         cycle  4,521,819.53
    Total SM Elapsed Cycles          cycle   266,117,058
    Average SMSP Active Cycles       cycle  4,576,344.14
    Total SMSP Elapsed Cycles        cycle 1,064,468,232
    -------------------------- ----------- -------------

