Sun Apr 26 12:37:55 2026       
+-----------------------------------------------------------------------------------------+
| NVIDIA-SMI 570.195.03             Driver Version: 570.195.03     CUDA Version: 12.8     |
|-----------------------------------------+------------------------+----------------------+
| GPU  Name                 Persistence-M | Bus-Id          Disp.A | Volatile Uncorr. ECC |
| Fan  Temp   Perf          Pwr:Usage/Cap |           Memory-Usage | GPU-Util  Compute M. |
|                                         |                        |               MIG M. |
|=========================================+========================+======================|
|   0  NVIDIA L4                      On  |   00000000:81:00.0 Off |                    0 |
| N/A   20C    P8             15W /   70W |       0MiB /  23034MiB |      0%      Default |
|                                         |                        |                  N/A |
+-----------------------------------------+------------------------+----------------------+
                                                                                         
+-----------------------------------------------------------------------------------------+
| Processes:                                                                              |
|  GPU   GI   CI              PID   Type   Process name                        GPU Memory |
|        ID   ID                                                               Usage      |
|=========================================================================================|
|  No running processes found                                                             |
+-----------------------------------------------------------------------------------------+
Compiling on compute node...
nvcc: NVIDIA (R) Cuda compiler driver
Copyright (c) 2005-2026 NVIDIA Corporation
Built on Thu_Mar_19_11:12:51_PM_PDT_2026
Cuda compilation tools, release 13.2, V13.2.78
Build cuda_13.2.r13.2/compiler.37668154_0
rm -f *.o test_HPCCG_cuda
g++ -O3  -c main.cpp -o main.o
g++ -O3  -c generate_matrix.cpp -o generate_matrix.o
g++ -O3  -c read_HPC_row.cpp -o read_HPC_row.o
g++ -O3  -c compute_residual.cpp -o compute_residual.o
g++ -O3  -c mytimer.cpp -o mytimer.o
g++ -O3  -c dump_matlab_matrix.cpp -o dump_matlab_matrix.o
g++ -O3  -c make_local_matrix.cpp -o make_local_matrix.o
g++ -O3  -c exchange_externals.cpp -o exchange_externals.o
g++ -O3  -c YAML_Element.cpp -o YAML_Element.o
g++ -O3  -c YAML_Doc.cpp -o YAML_Doc.o
nvcc -O3 -arch=sm_89 -c kernels.cu -o kernels.o
nvcc -O3 -arch=sm_89 -c cuda_utils.cu -o cuda_utils.o
nvcc -O3 -arch=sm_89 -c HPCCG_cuda.cu -o HPCCG_cuda.o
nvcc main.o generate_matrix.o read_HPC_row.o compute_residual.o mytimer.o dump_matlab_matrix.o make_local_matrix.o exchange_externals.o YAML_Element.o YAML_Doc.o kernels.o cuda_utils.o HPCCG_cuda.o -o test_HPCCG_cuda -lm
CUDA Error in gpu_init: CUDA driver version is insufficient for CUDA runtime version
CUDA Error in waxpby_kernel: CUDA driver version is insufficient for CUDA runtime version
CUDA Error in spmv_kernel: CUDA driver version is insufficient for CUDA runtime version
CUDA Error in waxpby_kernel: CUDA driver version is insufficient for CUDA runtime version
CUDA Error in ddot_kernel: CUDA driver version is insufficient for CUDA runtime version
Initial Residual = 0
Mini-Application Name: hpccg
Mini-Application Version: 1.0
Parallelism: 
  MPI not enabled: 
  OpenMP not enabled: 
Dimensions: 
  nx: 64
  ny: 64
  nz: 64
Number of iterations: 0
Final residual: 0
#********** Performance Summary (times in sec) ***********: 
Time Summary: 
  Total   : 0.001122
  DDOT    : 0
  WAXPBY  : 2e-06
  SPARSEMV: 1e-06
FLOPS Summary: 
  Total   : 0
  DDOT    : 0
  WAXPBY  : 0
  SPARSEMV: 0
MFLOPS Summary: 
  Total   : 0
  DDOT    : -nan
  WAXPBY  : 0
  SPARSEMV: 0
CUDA Error in gpu_init: CUDA driver version is insufficient for CUDA runtime version
CUDA Error in waxpby_kernel: CUDA driver version is insufficient for CUDA runtime version
CUDA Error in spmv_kernel: CUDA driver version is insufficient for CUDA runtime version
CUDA Error in waxpby_kernel: CUDA driver version is insufficient for CUDA runtime version
CUDA Error in ddot_kernel: CUDA driver version is insufficient for CUDA runtime version
Initial Residual = 0
Mini-Application Name: hpccg
Mini-Application Version: 1.0
Parallelism: 
  MPI not enabled: 
  OpenMP not enabled: 
Dimensions: 
  nx: 128
  ny: 128
  nz: 128
Number of iterations: 0
Final residual: 0
#********** Performance Summary (times in sec) ***********: 
Time Summary: 
  Total   : 0.001138
  DDOT    : 1e-06
  WAXPBY  : 4e-06
  SPARSEMV: 2e-06
FLOPS Summary: 
  Total   : 0
  DDOT    : 0
  WAXPBY  : 0
  SPARSEMV: 0
MFLOPS Summary: 
  Total   : 0
  DDOT    : 0
  WAXPBY  : 0
  SPARSEMV: 0
