Compiling for Blackwell (B200) in Single Precision (FP32)...
rm -f *.o test_HPCCG_cuda
g++ -O3  -c main.cpp -o main.o
g++ -O3  -c generate_matrix.cpp -o generate_matrix.o
g++ -O3  -c read_HPC_row.cpp -o read_HPC_row.o
g++ -O3  -c compute_residual.cpp -o compute_residual.o
g++ -O3  -c mytimer.cpp -o mytimer.o
g++ -O3  -c dump_matlab_matrix.cpp -o dump_matlab_matrix.o
g++ -O3  -c make_local_matrix.cpp -o make_local_matrix.o
g++ -O3  -c exchange_externals.cpp -o exchange_externals.o
g++ -O3  -c YAML_Element.cpp -o YAML_Element.o
g++ -O3  -c YAML_Doc.cpp -o YAML_Doc.o
nvcc -O3 -gencode arch=compute_90,code=sm_90 -gencode arch=compute_90,code=compute_90 -allow-unsupported-compiler -c kernels.cu -o kernels.o
nvcc -O3 -gencode arch=compute_90,code=sm_90 -gencode arch=compute_90,code=compute_90 -allow-unsupported-compiler -c cuda_utils.cu -o cuda_utils.o
nvcc -O3 -gencode arch=compute_90,code=sm_90 -gencode arch=compute_90,code=compute_90 -allow-unsupported-compiler -c HPCCG_cuda.cu -o HPCCG_cuda.o
nvcc main.o generate_matrix.o read_HPC_row.o compute_residual.o mytimer.o dump_matlab_matrix.o make_local_matrix.o exchange_externals.o YAML_Element.o YAML_Doc.o kernels.o cuda_utils.o HPCCG_cuda.o -o test_HPCCG_cuda -lm
Running HPCCG in FP32 on NVIDIA B200 at 64^3 Grid to generate x_gpu.txt...
Initial Residual = 1654.81
Iteration = 15   Residual = 19.7523
Iteration = 30   Residual = 0.107646
Iteration = 45   Residual = 0.000229065
Iteration = 60   Residual = 4.03886e-07
Iteration = 75   Residual = 4.8439e-10
Iteration = 90   Residual = 1.42818e-12
Iteration = 105   Residual = 5.41742e-15
Iteration = 120   Residual = 1.87735e-17
Mini-Application Name: hpccg
Mini-Application Version: 1.0
Parallelism: 
  MPI not enabled: 
  OpenMP not enabled: 
Dimensions: 
  nx: 64
  ny: 64
  nz: 64
Number of iterations: 126
Final residual: 0
#********** Performance Summary (times in sec) ***********: 
Time Summary: 
  Total   : 0.026381
  DDOT    : 0.00492201
  WAXPBY  : 0.002758
  SPARSEMV: 0.003202
FLOPS Summary: 
  Total   : 2.11393e+09
  DDOT    : 1.32121e+08
  WAXPBY  : 1.98181e+08
  SPARSEMV: 1.78363e+09
MFLOPS Summary: 
  Total   : 80130.7
  DDOT    : 26842.8
  WAXPBY  : 71856.8
  SPARSEMV: 557035
Running HPCCG in FP32 on NVIDIA B200 at 256^3 Grid...
Initial Residual = 7475.28
Iteration = 15   Residual = 101.378
Iteration = 30   Residual = 0.689734
Iteration = 45   Residual = 0.00471713
Iteration = 60   Residual = 3.21959e-05
Iteration = 75   Residual = 2.19039e-07
Iteration = 90   Residual = 1.48136e-09
Iteration = 105   Residual = 9.88627e-12
Iteration = 120   Residual = 6.31452e-14
Iteration = 135   Residual = 2.73847e-16
Iteration = 149   Residual = 8.93742e-19
Mini-Application Name: hpccg
Mini-Application Version: 1.0
Parallelism: 
  MPI not enabled: 
  OpenMP not enabled: 
Dimensions: 
  nx: 256
  ny: 256
  nz: 256
Number of iterations: 149
Final residual: 8.93742e-19
#********** Performance Summary (times in sec) ***********: 
Time Summary: 
  Total   : 0.56449
  DDOT    : 0.0340397
  WAXPBY  : 0.0167801
  SPARSEMV: 0.140168
FLOPS Summary: 
  Total   : 1.59988e+11
  DDOT    : 9.99922e+09
  WAXPBY  : 1.49988e+10
  SPARSEMV: 1.34989e+11
MFLOPS Summary: 
  Total   : 283420
  DDOT    : 293752
  WAXPBY  : 893844
  SPARSEMV: 963057
Running HPCCG in FP32 on NVIDIA B200 at 384^3 Grid...
Initial Residual = 12019.7
Iteration = 15   Residual = 155.847
Iteration = 30   Residual = 1.06394
Iteration = 45   Residual = 0.00731149
Iteration = 60   Residual = 5.02247e-05
Iteration = 75   Residual = 3.44818e-07
Iteration = 90   Residual = 2.36561e-09
Iteration = 105   Residual = 1.62124e-11
Iteration = 120   Residual = 1.10938e-13
Iteration = 135   Residual = 7.5725e-16
Iteration = 149   Residual = 7.17926e-18
Mini-Application Name: hpccg
Mini-Application Version: 1.0
Parallelism: 
  MPI not enabled: 
  OpenMP not enabled: 
Dimensions: 
  nx: 384
  ny: 384
  nz: 384
Number of iterations: 149
Final residual: 7.17926e-18
#********** Performance Summary (times in sec) ***********: 
Time Summary: 
  Total   : 1.84805
  DDOT    : 0.0599158
  WAXPBY  : 0.0672297
  SPARSEMV: 0.476065
FLOPS Summary: 
  Total   : 5.39958e+11
  DDOT    : 3.37474e+10
  WAXPBY  : 5.06211e+10
  SPARSEMV: 4.55589e+11
MFLOPS Summary: 
  Total   : 292177
  DDOT    : 563247
  WAXPBY  : 752956
  SPARSEMV: 956990
