Mon Apr 27 11:30:55 2026       
+-----------------------------------------------------------------------------------------+
| NVIDIA-SMI 570.195.03             Driver Version: 570.195.03     CUDA Version: 12.8     |
|-----------------------------------------+------------------------+----------------------+
| GPU  Name                 Persistence-M | Bus-Id          Disp.A | Volatile Uncorr. ECC |
| Fan  Temp   Perf          Pwr:Usage/Cap |           Memory-Usage | GPU-Util  Compute M. |
|                                         |                        |               MIG M. |
|=========================================+========================+======================|
|   0  NVIDIA L4                      On  |   00000000:C1:00.0 Off |                    0 |
| N/A   31C    P8             15W /   70W |       0MiB /  23034MiB |      0%      Default |
|                                         |                        |                  N/A |
+-----------------------------------------+------------------------+----------------------+
                                                                                         
+-----------------------------------------------------------------------------------------+
| Processes:                                                                              |
|  GPU   GI   CI              PID   Type   Process name                        GPU Memory |
|        ID   ID                                                               Usage      |
|=========================================================================================|
|  No running processes found                                                             |
+-----------------------------------------------------------------------------------------+
Compiling on compute node...
nvcc: NVIDIA (R) Cuda compiler driver
Copyright (c) 2005-2024 NVIDIA Corporation
Built on Thu_Mar_28_02:18:24_PDT_2024
Cuda compilation tools, release 12.4, V12.4.131
Build cuda_12.4.r12.4/compiler.34097967_0
rm -f *.o test_HPCCG_cuda
g++ -O3  -c main.cpp -o main.o
g++ -O3  -c generate_matrix.cpp -o generate_matrix.o
g++ -O3  -c read_HPC_row.cpp -o read_HPC_row.o
g++ -O3  -c compute_residual.cpp -o compute_residual.o
g++ -O3  -c mytimer.cpp -o mytimer.o
g++ -O3  -c dump_matlab_matrix.cpp -o dump_matlab_matrix.o
g++ -O3  -c make_local_matrix.cpp -o make_local_matrix.o
g++ -O3  -c exchange_externals.cpp -o exchange_externals.o
g++ -O3  -c YAML_Element.cpp -o YAML_Element.o
g++ -O3  -c YAML_Doc.cpp -o YAML_Doc.o
nvcc -O3 -arch=sm_89 -allow-unsupported-compiler -c kernels.cu -o kernels.o
nvcc -O3 -arch=sm_89 -allow-unsupported-compiler -c cuda_utils.cu -o cuda_utils.o
nvcc -O3 -arch=sm_89 -allow-unsupported-compiler -c HPCCG_cuda.cu -o HPCCG_cuda.o
nvcc main.o generate_matrix.o read_HPC_row.o compute_residual.o mytimer.o dump_matlab_matrix.o make_local_matrix.o exchange_externals.o YAML_Element.o YAML_Doc.o kernels.o cuda_utils.o HPCCG_cuda.o -o test_HPCCG_cuda -lm
Initial Residual = 1654.81
Iteration = 15   Residual = 19.7523
Iteration = 30   Residual = 0.107645
Iteration = 45   Residual = 0.000229062
Iteration = 60   Residual = 4.03876e-07
Iteration = 75   Residual = 4.4229e-10
Iteration = 90   Residual = 5.59501e-13
Iteration = 105   Residual = 3.9836e-16
Iteration = 120   Residual = 1.51342e-19
Iteration = 135   Residual = 4.89101e-22
Iteration = 149   Residual = 1.92843e-25
Mini-Application Name: hpccg
Mini-Application Version: 1.0
Parallelism: 
  MPI not enabled: 
  OpenMP not enabled: 
Dimensions: 
  nx: 64
  ny: 64
  nz: 64
Number of iterations: 149
Final residual: 1.92843e-25
#********** Performance Summary (times in sec) ***********: 
Time Summary: 
  Total   : 0.113008
  DDOT    : 0.006887
  WAXPBY  : 0.004915
  SPARSEMV: 0.089238
FLOPS Summary: 
  Total   : 2.49981e+09
  DDOT    : 1.56238e+08
  WAXPBY  : 2.34357e+08
  SPARSEMV: 2.10921e+09
MFLOPS Summary: 
  Total   : 22120.6
  DDOT    : 22685.9
  WAXPBY  : 47681.9
  SPARSEMV: 23635.8
