Compiling FP32 for L4...
rm -f *.o test_HPCCG_cuda
g++ -O3  -c main.cpp -o main.o
g++ -O3  -c generate_matrix.cpp -o generate_matrix.o
g++ -O3  -c read_HPC_row.cpp -o read_HPC_row.o
g++ -O3  -c compute_residual.cpp -o compute_residual.o
g++ -O3  -c mytimer.cpp -o mytimer.o
g++ -O3  -c dump_matlab_matrix.cpp -o dump_matlab_matrix.o
g++ -O3  -c make_local_matrix.cpp -o make_local_matrix.o
g++ -O3  -c exchange_externals.cpp -o exchange_externals.o
g++ -O3  -c YAML_Element.cpp -o YAML_Element.o
g++ -O3  -c YAML_Doc.cpp -o YAML_Doc.o
nvcc -O3 -arch=sm_89 -allow-unsupported-compiler -c kernels.cu -o kernels.o
nvcc -O3 -arch=sm_89 -allow-unsupported-compiler -c cuda_utils.cu -o cuda_utils.o
nvcc -O3 -arch=sm_89 -allow-unsupported-compiler -c HPCCG_cuda.cu -o HPCCG_cuda.o
nvcc main.o generate_matrix.o read_HPC_row.o compute_residual.o mytimer.o dump_matlab_matrix.o make_local_matrix.o exchange_externals.o YAML_Element.o YAML_Doc.o kernels.o cuda_utils.o HPCCG_cuda.o -o test_HPCCG_cuda -lm
Running HPCCG FP32 on L4 at 64^3 Grid to generate x_gpu.txt...
Initial Residual = 1654.81
Iteration = 15   Residual = 19.752
Iteration = 30   Residual = 0.107643
Iteration = 45   Residual = 0.00022906
Iteration = 60   Residual = 4.05779e-07
Iteration = 75   Residual = 1.85636e-09
Iteration = 90   Residual = 1.92487e-12
Iteration = 105   Residual = 9.28479e-15
Iteration = 120   Residual = 2.20274e-17
Mini-Application Name: hpccg
Mini-Application Version: 1.0
Parallelism: 
  MPI not enabled: 
  OpenMP not enabled: 
Dimensions: 
  nx: 64
  ny: 64
  nz: 64
Number of iterations: 126
Final residual: 0
#********** Performance Summary (times in sec) ***********: 
Time Summary: 
  Total   : 0.05835
  DDOT    : 0.00492399
  WAXPBY  : 0.00287201
  SPARSEMV: 0.04103
FLOPS Summary: 
  Total   : 2.11393e+09
  DDOT    : 1.32121e+08
  WAXPBY  : 1.98181e+08
  SPARSEMV: 1.78363e+09
MFLOPS Summary: 
  Total   : 36228.4
  DDOT    : 26832
  WAXPBY  : 69004.2
  SPARSEMV: 43471.3
Running HPCCG FP32 on L4 at 256^3 Grid...
Initial Residual = 7475.27
Iteration = 15   Residual = 101.37
Iteration = 30   Residual = 0.689702
Iteration = 45   Residual = 0.00471677
Iteration = 60   Residual = 3.21932e-05
Iteration = 75   Residual = 2.19018e-07
Iteration = 90   Residual = 1.48121e-09
Iteration = 105   Residual = 9.88496e-12
Iteration = 120   Residual = 6.31382e-14
Iteration = 135   Residual = 2.73858e-16
Iteration = 149   Residual = 8.65986e-19
Mini-Application Name: hpccg
Mini-Application Version: 1.0
Parallelism: 
  MPI not enabled: 
  OpenMP not enabled: 
Dimensions: 
  nx: 256
  ny: 256
  nz: 256
Number of iterations: 149
Final residual: 8.65986e-19
#********** Performance Summary (times in sec) ***********: 
Time Summary: 
  Total   : 3.89218
  DDOT    : 0.132816
  WAXPBY  : 0.329698
  SPARSEMV: 3.2598
FLOPS Summary: 
  Total   : 1.59988e+11
  DDOT    : 9.99922e+09
  WAXPBY  : 1.49988e+10
  SPARSEMV: 1.34989e+11
MFLOPS Summary: 
  Total   : 41104.8
  DDOT    : 75286.1
  WAXPBY  : 45492.6
  SPARSEMV: 41410.3
