Initial Residual = 408.108
Iteration = 15   Residual = 0.047132
Iteration = 30   Residual = 7.16876e-11
Iteration = 45   Residual = 2.15347e-19
Iteration = 60   Residual = 1.64901e-25
Iteration = 75   Residual = 1.27136e-31
Iteration = 90   Residual = 1.49079e-37
Iteration = 105   Residual = 1.84325e-43
Iteration = 120   Residual = 7.7834e-49
Iteration = 135   Residual = 7.0333e-55
Iteration = 149   Residual = 1.43048e-60
Mini-Application Name: hpccg
Mini-Application Version: 1.0
Parallelism: 
  MPI not enabled: 
  OpenMP not enabled: 
Dimensions: 
  nx: 16
  ny: 16
  nz: 16
Number of iterations: 149
Final residual: 1.43048e-60
#********** Performance Summary (times in sec) ***********: 
Time Summary: 
  Total   : 0.014219
  DDOT    : 0.001295
  WAXPBY  : 0.00069
  SPARSEMV: 0.011932
FLOPS Summary: 
  Total   : 3.90595e+07
  DDOT    : 2.44122e+06
  WAXPBY  : 3.66182e+06
  SPARSEMV: 3.29564e+07
MFLOPS Summary: 
  Total   : 2746.99
  DDOT    : 1885.11
  WAXPBY  : 5306.99
  SPARSEMV: 2762.02
Initial Residual = 1654.81
Iteration = 15   Residual = 19.7523
Iteration = 30   Residual = 0.107645
Iteration = 45   Residual = 0.000229062
Iteration = 60   Residual = 4.03876e-07
Iteration = 75   Residual = 4.4229e-10
Iteration = 90   Residual = 5.59501e-13
Iteration = 105   Residual = 3.98546e-16
Iteration = 120   Residual = 9.78697e-19
Iteration = 135   Residual = 5.39501e-22
Iteration = 149   Residual = 1.35415e-24
Mini-Application Name: hpccg
Mini-Application Version: 1.0
Parallelism: 
  MPI not enabled: 
  OpenMP not enabled: 
Dimensions: 
  nx: 64
  ny: 64
  nz: 64
Number of iterations: 149
Final residual: 1.35415e-24
#********** Performance Summary (times in sec) ***********: 
Time Summary: 
  Total   : 1.1519
  DDOT    : 0.08884
  WAXPBY  : 0.060917
  SPARSEMV: 1.0008
FLOPS Summary: 
  Total   : 2.49981e+09
  DDOT    : 1.56238e+08
  WAXPBY  : 2.34357e+08
  SPARSEMV: 2.10921e+09
MFLOPS Summary: 
  Total   : 2170.16
  DDOT    : 1758.64
  WAXPBY  : 3847.15
  SPARSEMV: 2107.53
Initial Residual = 3451.99
Iteration = 15   Residual = 46.9279
Iteration = 30   Residual = 0.311717
Iteration = 45   Residual = 0.00203715
Iteration = 60   Residual = 1.22209e-05
Iteration = 75   Residual = 4.48121e-08
Iteration = 90   Residual = 2.43156e-10
Iteration = 105   Residual = 1.22227e-12
Iteration = 120   Residual = 4.4445e-15
Iteration = 135   Residual = 1.90203e-17
Iteration = 149   Residual = 1.03555e-19
Mini-Application Name: hpccg
Mini-Application Version: 1.0
Parallelism: 
  MPI not enabled: 
  OpenMP not enabled: 
Dimensions: 
  nx: 128
  ny: 128
  nz: 128
Number of iterations: 149
Final residual: 1.03555e-19
#********** Performance Summary (times in sec) ***********: 
Time Summary: 
  Total   : 9.55174
  DDOT    : 0.725334
  WAXPBY  : 0.774719
  SPARSEMV: 8.05
FLOPS Summary: 
  Total   : 1.99984e+10
  DDOT    : 1.2499e+09
  WAXPBY  : 1.87485e+09
  SPARSEMV: 1.68737e+10
MFLOPS Summary: 
  Total   : 2093.7
  DDOT    : 1723.21
  WAXPBY  : 2420.04
  SPARSEMV: 2096.11
